Compiled jquery.js  (1ms)  (pid 24428)
Compiled jquery_ujs.js  (0ms)  (pid 24428)
Compiled anchor.js  (0ms)  (pid 24428)
Compiled bootstrap.js  (0ms)  (pid 24428)
Compiled application.js  (32ms)  (pid 24428)
Compiled scaffolds.css  (5ms)  (pid 24428)
Compiled bootstrap.css  (88ms)  (pid 24428)
Compiled bootstrap-responsive.css  (0ms)  (pid 24428)
Compiled m-styles.min.css  (20ms)  (pid 24428)
Compiled m-forms.min.css  (0ms)  (pid 24428)
Compiled m-buttons.css  (0ms)  (pid 24428)
Compiled custom.css  (0ms)  (pid 24428)
Compiled main.css  (26ms)  (pid 24428)
Compiled application.css  (175ms)  (pid 24428)
Compiled jquery.js  (1ms)  (pid 24428)
Compiled jquery_ujs.js  (0ms)  (pid 24428)
Compiled anchor.js  (0ms)  (pid 24428)
Compiled bootstrap.js  (0ms)  (pid 24428)
Compiled application.js  (32ms)  (pid 24428)
Compiled scaffolds.css  (5ms)  (pid 24428)
Compiled bootstrap.css  (107ms)  (pid 24428)
Compiled bootstrap-responsive.css  (0ms)  (pid 24428)
Compiled m-styles.min.css  (5ms)  (pid 24428)
Compiled m-forms.min.css  (0ms)  (pid 24428)
Compiled m-buttons.css  (0ms)  (pid 24428)
Compiled custom.css  (0ms)  (pid 24428)
Compiled main.css  (26ms)  (pid 24428)
Compiled application.css  (178ms)  (pid 24428)
Compiled jquery.js  (1ms)  (pid 8070)
Compiled jquery_ujs.js  (0ms)  (pid 8070)
Compiled anchor.js  (0ms)  (pid 8070)
Compiled bootstrap.js  (0ms)  (pid 8070)
Compiled application.js  (64ms)  (pid 8070)
Compiled scaffolds.css  (5ms)  (pid 8070)
Compiled bootstrap.css  (92ms)  (pid 8070)
Compiled bootstrap-responsive.css  (0ms)  (pid 8070)
Compiled m-styles.min.css  (19ms)  (pid 8070)
Compiled m-forms.min.css  (0ms)  (pid 8070)
Compiled m-buttons.css  (0ms)  (pid 8070)
Compiled custom.css  (0ms)  (pid 8070)
Compiled main.css  (26ms)  (pid 8070)
Compiled application.css  (178ms)  (pid 8070)
Compiled jquery.js  (1ms)  (pid 8070)
Compiled jquery_ujs.js  (0ms)  (pid 8070)
Compiled anchor.js  (0ms)  (pid 8070)
Compiled bootstrap.js  (0ms)  (pid 8070)
Compiled application.js  (33ms)  (pid 8070)
Compiled scaffolds.css  (5ms)  (pid 8070)
Compiled bootstrap.css  (107ms)  (pid 8070)
Compiled bootstrap-responsive.css  (0ms)  (pid 8070)
Compiled m-styles.min.css  (5ms)  (pid 8070)
Compiled m-forms.min.css  (0ms)  (pid 8070)
Compiled m-buttons.css  (0ms)  (pid 8070)
Compiled custom.css  (0ms)  (pid 8070)
Compiled main.css  (27ms)  (pid 8070)
Compiled application.css  (183ms)  (pid 8070)
Compiled jquery.js  (1ms)  (pid 8420)
Compiled jquery_ujs.js  (0ms)  (pid 8420)
Compiled anchor.js  (0ms)  (pid 8420)
Compiled bootstrap.min.js  (0ms)  (pid 8420)
Compiled application.js  (33ms)  (pid 8420)
Compiled scaffolds.css  (5ms)  (pid 8420)
Compiled bootstrap.css  (88ms)  (pid 8420)
Compiled bootstrap-responsive.css  (0ms)  (pid 8420)
Compiled m-styles.min.css  (20ms)  (pid 8420)
Compiled m-forms.min.css  (0ms)  (pid 8420)
Compiled m-buttons.css  (0ms)  (pid 8420)
Compiled custom.css  (0ms)  (pid 8420)
Compiled main.css  (26ms)  (pid 8420)
Compiled application.css  (188ms)  (pid 8420)
Compiled jquery.js  (1ms)  (pid 8420)
Compiled jquery_ujs.js  (0ms)  (pid 8420)
Compiled anchor.js  (0ms)  (pid 8420)
Compiled bootstrap.min.js  (0ms)  (pid 8420)
Compiled application.js  (34ms)  (pid 8420)
Compiled scaffolds.css  (20ms)  (pid 8420)
Compiled bootstrap.css  (90ms)  (pid 8420)
Compiled bootstrap-responsive.css  (0ms)  (pid 8420)
Compiled m-styles.min.css  (5ms)  (pid 8420)
Compiled m-forms.min.css  (15ms)  (pid 8420)
Compiled m-buttons.css  (0ms)  (pid 8420)
Compiled custom.css  (0ms)  (pid 8420)
Compiled main.css  (26ms)  (pid 8420)
Compiled application.css  (191ms)  (pid 8420)
Compiled jquery.js  (1ms)  (pid 8552)
Compiled jquery_ujs.js  (0ms)  (pid 8552)
Compiled anchor.js  (0ms)  (pid 8552)
Compiled bootstrap.min.js  (0ms)  (pid 8552)
Compiled application.js  (32ms)  (pid 8552)
Compiled scaffolds.css  (5ms)  (pid 8552)
Compiled bootstrap.css  (91ms)  (pid 8552)
Compiled bootstrap-responsive.css  (0ms)  (pid 8552)
Compiled m-styles.min.css  (5ms)  (pid 8552)
Compiled m-forms.min.css  (0ms)  (pid 8552)
Compiled m-buttons.css  (0ms)  (pid 8552)
Compiled custom.css  (0ms)  (pid 8552)
Compiled main.css  (26ms)  (pid 8552)
Compiled application.css  (198ms)  (pid 8552)
Compiled jquery.js  (1ms)  (pid 8552)
Compiled jquery_ujs.js  (0ms)  (pid 8552)
Compiled anchor.js  (0ms)  (pid 8552)
Compiled bootstrap.min.js  (0ms)  (pid 8552)
Compiled application.js  (32ms)  (pid 8552)
Compiled scaffolds.css  (20ms)  (pid 8552)
Compiled bootstrap.css  (86ms)  (pid 8552)
Compiled bootstrap-responsive.css  (0ms)  (pid 8552)
Compiled m-styles.min.css  (5ms)  (pid 8552)
Compiled m-forms.min.css  (15ms)  (pid 8552)
Compiled m-buttons.css  (0ms)  (pid 8552)
Compiled custom.css  (0ms)  (pid 8552)
Compiled main.css  (25ms)  (pid 8552)
Compiled application.css  (185ms)  (pid 8552)
